#-----------------------------------------------------------
# Vivado v2024.2 (64-bit)
# SW Build 5239630 on Fri Nov 08 22:35:27 MST 2024
# IP Build 5239520 on Sun Nov 10 16:12:51 MST 2024
# SharedData Build 5239561 on Fri Nov 08 14:39:27 MST 2024
# Start of session at: Mon May 12 11:12:10 2025
# Process ID         : 23356
# Current directory  : D:/AN2/AC/test_env
# Command line       : vivado.exe -gui_launcher_event rodinguilauncherevent21128 D:\AN2\AC\test_env\test_env.xpr
# Log file           : D:/AN2/AC/test_env/vivado.log
# Journal file       : D:/AN2/AC/test_env\vivado.jou
# Running On         : Banan
# Platform           : Windows Server 2016 or Windows 10
# Operating System   : 26100
# Processor Detail   : 13th Gen Intel(R) Core(TM) i7-13650HX
# CPU Frequency      : 2803 MHz
# CPU Physical cores : 14
# CPU Logical cores  : 20
# Host memory        : 25463 MB
# Swap memory        : 1610 MB
# Total Virtual      : 27074 MB
# Available Virtual  : 8890 MB
#-----------------------------------------------------------
start_gui
open_project D:/AN2/AC/test_env/test_env.xpr
INFO: [filemgmt 56-3] Default IP Output Path : Could not find the directory 'D:/AN2/AC/test_env/test_env.gen/sources_1'.
Scanning sources...
Finished scanning sources
INFO: [IP_Flow 19-234] Refreshing IP repositories
INFO: [IP_Flow 19-1704] No user IP repositories specified
INFO: [IP_Flow 19-2313] Loaded Vivado IP repository 'C:/Xilinx/Vivado/2024.2/data/ip'.
update_compile_order -fileset sources_1
launch_simulation
Command: launch_simulation 
INFO: [Vivado 12-12493] Simulation top is 'test_env'
WARNING: [Vivado 12-13340] Unable to auto find GCC executables from simulator install path! (path not set)
INFO: [Vivado 12-5682] Launching behavioral simulation in 'D:/AN2/AC/test_env/test_env.sim/sim_1/behav/xsim'
INFO: [SIM-utils-51] Simulation object is 'sim_1'
INFO: [SIM-utils-72] Using boost library from 'C:/Xilinx/Vivado/2024.2/tps/boost_1_72_0'
INFO: [SIM-utils-54] Inspecting design source files for 'test_env' in fileset 'sim_1'...
INFO: [USF-XSim-97] Finding global include files...
INFO: [USF-XSim-98] Fetching design files from 'sim_1'...
INFO: [USF-XSim-2] XSim::Compile design
INFO: [USF-XSim-61] Executing 'COMPILE and ANALYZE' step in 'D:/AN2/AC/test_env/test_env.sim/sim_1/behav/xsim'
"xvhdl --incr --relax -prj test_env_vhdl.prj"
INFO: [VRFC 10-163] Analyzing VHDL file "D:/AN2/AC/test_env/test_env.srcs/sources_1/new/EX.vhd" into library xil_defaultlib
INFO: [VRFC 10-3107] analyzing entity 'EX'
INFO: [VRFC 10-163] Analyzing VHDL file "D:/AN2/AC/test_env/test_env.srcs/sources_1/new/IFetch.vhd" into library xil_defaultlib
INFO: [VRFC 10-3107] analyzing entity 'IFetch'
INFO: [VRFC 10-163] Analyzing VHDL file "D:/AN2/AC/test_env/test_env.srcs/sources_1/new/UC.vhd" into library xil_defaultlib
INFO: [VRFC 10-3107] analyzing entity 'UC'
INFO: [VRFC 10-163] Analyzing VHDL file "D:/AN2/AC/test_env/test_env.srcs/sources_1/new/test_env.vhd" into library xil_defaultlib
INFO: [VRFC 10-3107] analyzing entity 'test_env'
INFO: [USF-XSim-69] 'compile' step finished in '1' seconds
INFO: [USF-XSim-3] XSim::Elaborate design
INFO: [USF-XSim-61] Executing 'ELABORATE' step in 'D:/AN2/AC/test_env/test_env.sim/sim_1/behav/xsim'
"xelab --incr --debug typical --relax --mt 2 -L xil_defaultlib -L secureip --snapshot test_env_behav xil_defaultlib.test_env -log elaborate.log"
Vivado Simulator v2024.2.0
Copyright 1986-2022 Xilinx, Inc. All Rights Reserved.
Copyright 2022-2024 Advanced Micro Devices, Inc. All Rights Reserved.
Running: C:/Xilinx/Vivado/2024.2/bin/unwrapped/win64.o/xelab.exe --incr --debug typical --relax --mt 2 -L xil_defaultlib -L secureip --snapshot test_env_behav xil_defaultlib.test_env -log elaborate.log 
Using 2 slave threads.
Starting static elaboration
Completed static elaboration
Starting simulation data flow analysis
Completed simulation data flow analysis
Time Resolution for simulation is 1ps
Compiling package std.standard
Compiling package std.textio
Compiling package ieee.std_logic_1164
Compiling package ieee.std_logic_arith
Compiling package ieee.std_logic_unsigned
Compiling package ieee.numeric_std
Compiling architecture behavioral of entity xil_defaultlib.MPG [mpg_default]
Compiling architecture behavioral of entity xil_defaultlib.SSD [ssd_default]
Compiling architecture behavioral of entity xil_defaultlib.IFetch [ifetch_default]
Compiling architecture behavioral of entity xil_defaultlib.UC [uc_default]
Compiling architecture behavioral of entity xil_defaultlib.ID [id_default]
Compiling architecture behavioral of entity xil_defaultlib.EX [ex_default]
Compiling architecture behavioral of entity xil_defaultlib.MEM [mem_default]
Compiling architecture behavioral of entity xil_defaultlib.test_env
Built simulation snapshot test_env_behav
INFO: [USF-XSim-69] 'elaborate' step finished in '2' seconds
INFO: [USF-XSim-4] XSim::Simulate design
INFO: [USF-XSim-61] Executing 'SIMULATE' step in 'D:/AN2/AC/test_env/test_env.sim/sim_1/behav/xsim'
INFO: [USF-XSim-98] *** Running xsim
   with args "test_env_behav -key {Behavioral:sim_1:Functional:test_env} -tclbatch {test_env.tcl} -log {simulate.log}"
INFO: [USF-XSim-8] Loading simulator feature
Time resolution is 1 ps
source test_env.tcl
# set curr_wave [current_wave_config]
# if { [string length $curr_wave] == 0 } {
#   if { [llength [get_objects]] > 0} {
#     add_wave /
#     set_property needs_save false [current_wave_config]
#   } else {
#      send_msg_id Add_Wave-1 WARNING "No top level signals found. Simulator will start without a wave window. If you want to open a wave window go to 'File->New Waveform Configuration' or type 'create_wave_config' in the TCL console."
#   }
# }
# run 1000ns
INFO: [USF-XSim-96] XSim completed. Design snapshot 'test_env_behav' loaded.
INFO: [USF-XSim-97] XSim simulation ran for 1000ns
launch_simulation: Time (s): cpu = 00:00:04 ; elapsed = 00:00:07 . Memory (MB): peak = 1247.980 ; gain = 23.004
add_force {/test_env/clk} -radix hex {0 0ns} {1 5000ps} -repeat_every 10000ps
add_force {/test_env/btn[0]} -radix hex {0 0ns} {1 500000000ps} -repeat_every 1000000000ps
run 700 ms
run: Time (s): cpu = 00:00:55 ; elapsed = 00:01:42 . Memory (MB): peak = 1308.301 ; gain = 60.320
close_sim
INFO: xsimkernel Simulation Memory Usage: 37280 KB (Peak: 37280 KB), Simulation CPU Usage: 100265 ms
INFO: [Simtcl 6-16] Simulation closed
exit
INFO: [Common 17-206] Exiting Vivado at Mon May 12 11:38:44 2025...
